18/Dec/2016 17:17:18,542- ClassPathXmlApplicationContext: Refreshing org.springframework.context.support.ClassPathXmlApplicationContext@5fbe4146: startup date [Sun Dec 18 17:17:18 HKT 2016]; root of context hierarchy
18/Dec/2016 17:17:18,688- XmlBeanDefinitionReader: Loading XML bean definitions from class path resource [FxRefresherConfig.xml]
18/Dec/2016 17:17:54,709- ClassPathXmlApplicationContext: Refreshing org.springframework.context.support.ClassPathXmlApplicationContext@4b41e4dd: startup date [Sun Dec 18 17:17:54 HKT 2016]; root of context hierarchy
18/Dec/2016 17:17:54,807- XmlBeanDefinitionReader: Loading XML bean definitions from class path resource [FxRefresherConfig.xml]
18/Dec/2016 17:18:50,587- ClassPathXmlApplicationContext: Refreshing org.springframework.context.support.ClassPathXmlApplicationContext@4b41e4dd: startup date [Sun Dec 18 17:18:50 HKT 2016]; root of context hierarchy
18/Dec/2016 17:18:50,659- XmlBeanDefinitionReader: Loading XML bean definitions from class path resource [FxRefresherConfig.xml]
18/Dec/2016 17:20:16,301- ClassPathXmlApplicationContext: Refreshing org.springframework.context.support.ClassPathXmlApplicationContext@54dcfa5a: startup date [Sun Dec 18 17:20:16 HKT 2016]; root of context hierarchy
18/Dec/2016 17:20:16,369- XmlBeanDefinitionReader: Loading XML bean definitions from class path resource [FxRefresherConfig.xml]
18/Dec/2016 17:21:45,875- ClassPathXmlApplicationContext: Refreshing org.springframework.context.support.ClassPathXmlApplicationContext@4b41e4dd: startup date [Sun Dec 18 17:21:45 HKT 2016]; root of context hierarchy
18/Dec/2016 17:21:45,934- XmlBeanDefinitionReader: Loading XML bean definitions from class path resource [FxRefresherConfig.xml]
18/Dec/2016 17:39:35,170- ClassPathXmlApplicationContext: Refreshing org.springframework.context.support.ClassPathXmlApplicationContext@63475ace: startup date [Sun Dec 18 17:39:35 HKT 2016]; root of context hierarchy
18/Dec/2016 17:39:35,222- XmlBeanDefinitionReader: Loading XML bean definitions from class path resource [FxRefresherConfig.xml]
18/Dec/2016 18:01:19,251- ClassPathXmlApplicationContext: Refreshing org.springframework.context.support.ClassPathXmlApplicationContext@34cdeda2: startup date [Sun Dec 18 18:01:19 HKT 2016]; root of context hierarchy
18/Dec/2016 18:01:19,331- XmlBeanDefinitionReader: Loading XML bean definitions from class path resource [SpringBeanConfig.xml]
18/Dec/2016 18:01:19,440- XmlBeanDefinitionReader: Loading XML bean definitions from class path resource [FxRefresherConfig.xml]
18/Dec/2016 18:01:20,193- ThreadPoolTaskExecutor: Initializing ExecutorService  'taskExecutor'
18/Dec/2016 18:01:20,219- FxRateUpdaterThread: Running refresh
18/Dec/2016 18:01:20,782- FxRateUpdaterThread: timestamp:Sun Dec 18 18:01:20 HKT 2016
BASECCY:USD
Quote:
USDAUD:1.367204
USDJPY:117.839996
USDGBP:0.80074
USDNZD:1.436039
USDTHB:35.830002
USDSGD:1.44442
USDTWD:31.995001
USDCAD:1.333041
USDCHF:1.025504
USDMYR:4.475504
USDHKD:7.764904
USDCNY:6.956904
USDEUR:0.956604
USDKRW:1185.069946
USDINR:67.845001

18/Dec/2016 18:02:29,289- ClassPathXmlApplicationContext: Refreshing org.springframework.context.support.ClassPathXmlApplicationContext@34cdeda2: startup date [Sun Dec 18 18:02:29 HKT 2016]; root of context hierarchy
18/Dec/2016 18:02:29,365- XmlBeanDefinitionReader: Loading XML bean definitions from class path resource [SpringBeanConfig.xml]
18/Dec/2016 18:02:29,502- XmlBeanDefinitionReader: Loading XML bean definitions from class path resource [FxRefresherConfig.xml]
18/Dec/2016 18:02:30,361- ThreadPoolTaskExecutor: Initializing ExecutorService  'taskExecutor'
18/Dec/2016 18:02:30,393- FxRateUpdaterThread: Running refresh
18/Dec/2016 18:02:30,922- FxRateUpdaterThread: timestamp:Sun Dec 18 18:02:30 HKT 2016
BASECCY:USD
Quote:
USDAUD:1.367204
USDJPY:117.839996
USDGBP:0.80074
USDNZD:1.436039
USDTHB:35.830002
USDSGD:1.44442
USDTWD:31.995001
USDCAD:1.333041
USDCHF:1.025504
USDMYR:4.475504
USDHKD:7.764904
USDCNY:6.956904
USDEUR:0.956604
USDKRW:1185.069946
USDINR:67.845001

18/Dec/2016 18:03:41,061- ClassPathXmlApplicationContext: Refreshing org.springframework.context.support.ClassPathXmlApplicationContext@63475ace: startup date [Sun Dec 18 18:03:41 HKT 2016]; root of context hierarchy
18/Dec/2016 18:03:41,120- XmlBeanDefinitionReader: Loading XML bean definitions from class path resource [SpringBeanConfig.xml]
18/Dec/2016 18:03:41,270- XmlBeanDefinitionReader: Loading XML bean definitions from class path resource [FxRefresherConfig.xml]
18/Dec/2016 18:03:42,025- ThreadPoolTaskExecutor: Initializing ExecutorService  'taskExecutor'
18/Dec/2016 18:03:42,062- FxRateUpdaterThread: Running refresh
18/Dec/2016 18:03:42,573- FxRateUpdaterThread: timestamp:Sun Dec 18 18:03:42 HKT 2016
BASECCY:USD
Quote:
USDAUD:1.367204
USDJPY:117.839996
USDGBP:0.80074
USDNZD:1.436039
USDTHB:35.830002
USDSGD:1.44442
USDTWD:31.995001
USDCAD:1.333041
USDCHF:1.025504
USDMYR:4.475504
USDHKD:7.764904
USDCNY:6.956904
USDEUR:0.956604
USDKRW:1185.069946
USDINR:67.845001

18/Dec/2016 18:04:37,739- ClassPathXmlApplicationContext: Refreshing org.springframework.context.support.ClassPathXmlApplicationContext@34cdeda2: startup date [Sun Dec 18 18:04:37 HKT 2016]; root of context hierarchy
18/Dec/2016 18:04:37,804- XmlBeanDefinitionReader: Loading XML bean definitions from class path resource [SpringBeanConfig.xml]
18/Dec/2016 18:04:37,919- XmlBeanDefinitionReader: Loading XML bean definitions from class path resource [FxRefresherConfig.xml]
18/Dec/2016 18:04:38,649- ThreadPoolTaskExecutor: Initializing ExecutorService  'taskExecutor'
18/Dec/2016 18:04:38,686- FxRateUpdaterThread: Running refresh
18/Dec/2016 18:04:39,211- FxRateUpdaterThread: timestamp:Sun Dec 18 18:04:39 HKT 2016
BASECCY:USD
Quote:
USDAUD:1.367204
USDJPY:117.839996
USDGBP:0.80074
USDNZD:1.436039
USDTHB:35.830002
USDSGD:1.44442
USDTWD:31.995001
USDCAD:1.333041
USDCHF:1.025504
USDMYR:4.475504
USDHKD:7.764904
USDCNY:6.956904
USDEUR:0.956604
USDKRW:1185.069946
USDINR:67.845001

18/Dec/2016 18:36:08,233- ClassPathXmlApplicationContext: Refreshing org.springframework.context.support.ClassPathXmlApplicationContext@34cdeda2: startup date [Sun Dec 18 18:36:08 HKT 2016]; root of context hierarchy
18/Dec/2016 18:36:08,380- XmlBeanDefinitionReader: Loading XML bean definitions from class path resource [SpringBeanConfig.xml]
18/Dec/2016 18:36:08,527- XmlBeanDefinitionReader: Loading XML bean definitions from class path resource [FxRefresherConfig.xml]
18/Dec/2016 18:36:09,749- ThreadPoolTaskExecutor: Initializing ExecutorService  'taskExecutor'
18/Dec/2016 18:36:09,783- FxRateUpdaterThread: Running refresh
18/Dec/2016 18:36:10,367- FxRateUpdaterThread: timestamp:Sun Dec 18 18:36:10 HKT 2016
BASECCY:USD
Quote:
USDAUD:1.367204
USDJPY:117.839996
USDGBP:0.80074
USDNZD:1.436039
USDTHB:35.830002
USDSGD:1.44442
USDTWD:31.995001
USDCAD:1.333041
USDCHF:1.025504
USDMYR:4.475504
USDHKD:7.764904
USDCNY:6.956904
USDEUR:0.956604
USDKRW:1185.069946
USDINR:67.845001

18/Dec/2016 18:39:29,787- ClassPathXmlApplicationContext: Refreshing org.springframework.context.support.ClassPathXmlApplicationContext@707194ba: startup date [Sun Dec 18 18:39:29 HKT 2016]; root of context hierarchy
18/Dec/2016 18:39:29,892- XmlBeanDefinitionReader: Loading XML bean definitions from class path resource [SpringBeanConfig.xml]
18/Dec/2016 18:39:30,016- XmlBeanDefinitionReader: Loading XML bean definitions from class path resource [FxRefresherConfig.xml]
18/Dec/2016 18:39:30,962- ThreadPoolTaskExecutor: Initializing ExecutorService  'taskExecutor'
18/Dec/2016 18:39:30,982- FxRateUpdaterThread: Running refresh
18/Dec/2016 18:39:31,550- FxRateUpdaterThread: timestamp:Sun Dec 18 18:39:31 HKT 2016
BASECCY:USD
Quote:
USDAUD:1.367204
USDJPY:117.839996
USDGBP:0.80074
USDNZD:1.436039
USDTHB:35.830002
USDSGD:1.44442
USDTWD:31.995001
USDCAD:1.333041
USDCHF:1.025504
USDMYR:4.475504
USDHKD:7.764904
USDCNY:6.956904
USDEUR:0.956604
USDKRW:1185.069946
USDINR:67.845001

18/Dec/2016 18:39:57,733- ClassPathXmlApplicationContext: Refreshing org.springframework.context.support.ClassPathXmlApplicationContext@4535b6d5: startup date [Sun Dec 18 18:39:57 HKT 2016]; root of context hierarchy
18/Dec/2016 18:39:57,815- XmlBeanDefinitionReader: Loading XML bean definitions from class path resource [SpringBeanConfig.xml]
18/Dec/2016 18:39:57,947- XmlBeanDefinitionReader: Loading XML bean definitions from class path resource [FxRefresherConfig.xml]
18/Dec/2016 18:39:58,900- ThreadPoolTaskExecutor: Initializing ExecutorService  'taskExecutor'
18/Dec/2016 18:39:58,930- FxRateUpdaterThread: Running refresh
18/Dec/2016 18:39:59,427- FxRateUpdaterThread: timestamp:Sun Dec 18 18:39:59 HKT 2016
BASECCY:USD
Quote:
USDAUD:1.367204
USDJPY:117.839996
USDGBP:0.80074
USDNZD:1.436039
USDTHB:35.830002
USDSGD:1.44442
USDTWD:31.995001
USDCAD:1.333041
USDCHF:1.025504
USDMYR:4.475504
USDHKD:7.764904
USDCNY:6.956904
USDEUR:0.956604
USDKRW:1185.069946
USDINR:67.845001

18/Dec/2016 18:56:19,030- ClassPathXmlApplicationContext: Refreshing org.springframework.context.support.ClassPathXmlApplicationContext@4535b6d5: startup date [Sun Dec 18 18:56:19 HKT 2016]; root of context hierarchy
18/Dec/2016 18:56:19,154- XmlBeanDefinitionReader: Loading XML bean definitions from class path resource [SpringBeanConfig.xml]
18/Dec/2016 18:56:19,286- XmlBeanDefinitionReader: Loading XML bean definitions from class path resource [FxRefresherConfig.xml]
18/Dec/2016 18:56:20,452- ThreadPoolTaskExecutor: Initializing ExecutorService  'taskExecutor'
18/Dec/2016 18:56:20,490- FxRateUpdaterThread: Running refresh
18/Dec/2016 18:56:21,234- FxRateUpdaterThread: timestamp:Sun Dec 18 18:56:21 HKT 2016
BASECCY:USD
Quote:
USDAUD:1.367204
USDJPY:117.839996
USDGBP:0.80074
USDNZD:1.436039
USDTHB:35.830002
USDSGD:1.44442
USDTWD:31.995001
USDCAD:1.333041
USDCHF:1.025504
USDMYR:4.475504
USDHKD:7.764904
USDCNY:6.956904
USDEUR:0.956604
USDKRW:1185.069946
USDINR:67.845001

18/Dec/2016 18:58:20,907- ClassPathXmlApplicationContext: Refreshing org.springframework.context.support.ClassPathXmlApplicationContext@4535b6d5: startup date [Sun Dec 18 18:58:20 HKT 2016]; root of context hierarchy
18/Dec/2016 18:58:21,005- XmlBeanDefinitionReader: Loading XML bean definitions from class path resource [SpringBeanConfig.xml]
18/Dec/2016 18:58:21,118- XmlBeanDefinitionReader: Loading XML bean definitions from class path resource [FxRefresherConfig.xml]
18/Dec/2016 18:58:22,009- ThreadPoolTaskExecutor: Initializing ExecutorService  'taskExecutor'
18/Dec/2016 18:58:22,035- FxRateUpdaterThread: Running refresh
18/Dec/2016 18:58:22,528- FxRateUpdaterThread: timestamp:Sun Dec 18 18:58:22 HKT 2016
BASECCY:USD
Quote:
USDAUD:1.367204
USDJPY:117.839996
USDGBP:0.80074
USDNZD:1.436039
USDTHB:35.830002
USDSGD:1.44442
USDTWD:31.995001
USDCAD:1.333041
USDCHF:1.025504
USDMYR:4.475504
USDHKD:7.764904
USDCNY:6.956904
USDEUR:0.956604
USDKRW:1185.069946
USDINR:67.845001

18/Dec/2016 19:05:48,084- ClassPathXmlApplicationContext: Refreshing org.springframework.context.support.ClassPathXmlApplicationContext@4535b6d5: startup date [Sun Dec 18 19:05:48 HKT 2016]; root of context hierarchy
18/Dec/2016 19:05:48,236- XmlBeanDefinitionReader: Loading XML bean definitions from class path resource [SpringBeanConfig.xml]
18/Dec/2016 19:05:48,454- XmlBeanDefinitionReader: Loading XML bean definitions from class path resource [FxRefresherConfig.xml]
18/Dec/2016 19:05:49,969- ThreadPoolTaskExecutor: Initializing ExecutorService  'taskExecutor'
18/Dec/2016 19:05:50,034- FxRateUpdaterThread: Running refresh
18/Dec/2016 19:05:50,742- FxRateUpdaterThread: timestamp:Sun Dec 18 19:05:50 HKT 2016
BASECCY:USD
Quote:
USDAUD:1.367204
USDJPY:117.839996
USDGBP:0.80074
USDNZD:1.436039
USDTHB:35.830002
USDSGD:1.44442
USDTWD:31.995001
USDCAD:1.333041
USDCHF:1.025504
USDMYR:4.475504
USDHKD:7.764904
USDCNY:6.956904
USDEUR:0.956604
USDKRW:1185.069946
USDINR:67.845001

