28/Dec/2016 19:02:16,555- ClassPathXmlApplicationContext: Refreshing org.springframework.context.support.ClassPathXmlApplicationContext@367ffa75: startup date [Wed Dec 28 19:02:16 HKT 2016]; root of context hierarchy
28/Dec/2016 19:02:16,672- XmlBeanDefinitionReader: Loading XML bean definitions from class path resource [SpringBeanConfig.xml]
28/Dec/2016 19:02:16,859- XmlBeanDefinitionReader: Loading XML bean definitions from class path resource [FxRefresherConfig.xml]
28/Dec/2016 19:02:18,160- ThreadPoolTaskExecutor: Initializing ExecutorService  'taskExecutor'
28/Dec/2016 19:02:18,179- FxRateUpdaterThread: Running refresh
28/Dec/2016 19:02:18,678- App: Starting App on Dexters-Air with PID 2118 (/Users/dexter/TravelFxConvert/TravelFxConvertRestful/target/classes started by dexter in /Users/dexter/TravelFxConvert/TravelFxConvertRestful)
28/Dec/2016 19:02:18,678- App: No active profile set, falling back to default profiles: default
28/Dec/2016 19:02:18,777- AnnotationConfigEmbeddedWebApplicationContext: Refreshing org.springframework.boot.context.embedded.AnnotationConfigEmbeddedWebApplicationContext@72ea6193: startup date [Wed Dec 28 19:02:18 HKT 2016]; root of context hierarchy
28/Dec/2016 19:02:18,843- Version: HV000001: Hibernate Validator 5.2.4.Final
28/Dec/2016 19:02:19,053- FxRateUpdaterThread: timestamp:Wed Dec 28 19:02:19 HKT 2016
BASECCY:USD
Quote:
USDAUD:1.390601
USDJPY:117.670998
USDGBP:0.81728
USDNZD:1.444598
USDTHB:35.980128
USDSGD:1.45086
USDTWD:32.242001
USDCAD:1.35701
USDCHF:1.02815
USDMYR:4.482501
USDHKD:7.757102
USDCNY:6.957099
USDEUR:0.957803
USDKRW:1208.73999
USDINR:68.160004

28/Dec/2016 19:02:21,236- TomcatEmbeddedServletContainer: Tomcat initialized with port(s): 8080 (http)
28/Dec/2016 19:02:21,289- StandardService: Starting service Tomcat
28/Dec/2016 19:02:21,299- StandardEngine: Starting Servlet Engine: Apache Tomcat/8.5.4
28/Dec/2016 19:02:21,563- [/]: Initializing Spring embedded WebApplicationContext
28/Dec/2016 19:02:21,564- ContextLoader: Root WebApplicationContext: initialization completed in 2786 ms
28/Dec/2016 19:02:21,841- ServletRegistrationBean: Mapping servlet: 'dispatcherServlet' to [/]
28/Dec/2016 19:02:21,854- FilterRegistrationBean: Mapping filter: 'characterEncodingFilter' to: [/*]
28/Dec/2016 19:02:21,854- FilterRegistrationBean: Mapping filter: 'hiddenHttpMethodFilter' to: [/*]
28/Dec/2016 19:02:21,854- FilterRegistrationBean: Mapping filter: 'httpPutFormContentFilter' to: [/*]
28/Dec/2016 19:02:21,855- FilterRegistrationBean: Mapping filter: 'requestContextFilter' to: [/*]
28/Dec/2016 19:02:22,311- RequestMappingHandlerAdapter: Looking for @ControllerAdvice: org.springframework.boot.context.embedded.AnnotationConfigEmbeddedWebApplicationContext@72ea6193: startup date [Wed Dec 28 19:02:18 HKT 2016]; root of context hierarchy
28/Dec/2016 19:02:22,459- RequestMappingHandlerMapping: Mapped "{[/greeting2]}" onto public TravelFxConvert.TravelFxConvertRestful.hello.Greeting TravelFxConvert.TravelFxConvertRestful.FxRestfulController.greeting(java.lang.String)
28/Dec/2016 19:02:22,460- RequestMappingHandlerMapping: Mapped "{[/allfx]}" onto public java.util.Map<java.lang.String, java.lang.Double> TravelFxConvert.TravelFxConvertRestful.FxRestfulController.allFxRates(java.lang.String)
28/Dec/2016 19:02:22,460- RequestMappingHandlerMapping: Mapped "{[/quotefxpair],methods=[POST]}" onto public org.springframework.http.ResponseEntity<java.lang.Double> TravelFxConvert.TravelFxConvertRestful.FxRestfulController.quoteFxPair(TravelFxConvert.TravelFxConvertRestful.Model.FxQuotePair) throws TravelFxConvert.TravelFxConvertRestful.Model.FxQuoteException
28/Dec/2016 19:02:22,460- RequestMappingHandlerMapping: Mapped "{[/allccyset]}" onto public java.util.Set<java.lang.String> TravelFxConvert.TravelFxConvertRestful.FxRestfulController.getQuoteCcySet()
28/Dec/2016 19:02:22,461- RequestMappingHandlerMapping: Mapped "{[/],methods=[GET]}" onto public java.lang.String TravelFxConvert.TravelFxConvertRestful.JS.MainController.homepage()
28/Dec/2016 19:02:22,462- RequestMappingHandlerMapping: Mapped "{[/vue],methods=[GET]}" onto public java.lang.String TravelFxConvert.TravelFxConvertRestful.JS.MainController.homepageVue()
28/Dec/2016 19:02:22,462- RequestMappingHandlerMapping: Mapped "{[/vue2],methods=[GET]}" onto public java.lang.String TravelFxConvert.TravelFxConvertRestful.JS.MainController.homepageVue2()
28/Dec/2016 19:02:22,463- RequestMappingHandlerMapping: Mapped "{[/api/events],methods=[GET]}" onto public org.springframework.http.ResponseEntity<java.util.List<TravelFxConvert.TravelFxConvertRestful.WebService.Event>> TravelFxConvert.TravelFxConvertRestful.WebService.DemoWebService.getEvents()
28/Dec/2016 19:02:22,463- RequestMappingHandlerMapping: Mapped "{[/api/events],methods=[POST]}" onto public org.springframework.http.ResponseEntity<TravelFxConvert.TravelFxConvertRestful.WebService.Event> TravelFxConvert.TravelFxConvertRestful.WebService.DemoWebService.postEvent(TravelFxConvert.TravelFxConvertRestful.WebService.Event)
28/Dec/2016 19:02:22,464- RequestMappingHandlerMapping: Mapped "{[/api/events/{id}],methods=[DELETE]}" onto public org.springframework.http.ResponseEntity<TravelFxConvert.TravelFxConvertRestful.WebService.Event> TravelFxConvert.TravelFxConvertRestful.WebService.DemoWebService.deleteEvent(java.lang.String)
28/Dec/2016 19:02:22,469- RequestMappingHandlerMapping: Mapped "{[/error]}" onto public org.springframework.http.ResponseEntity<java.util.Map<java.lang.String, java.lang.Object>> org.springframework.boot.autoconfigure.web.BasicErrorController.error(javax.servlet.http.HttpServletRequest)
28/Dec/2016 19:02:22,469- RequestMappingHandlerMapping: Mapped "{[/error],produces=[text/html]}" onto public org.springframework.web.servlet.ModelAndView org.springframework.boot.autoconfigure.web.BasicErrorController.errorHtml(javax.servlet.http.HttpServletRequest,javax.servlet.http.HttpServletResponse)
28/Dec/2016 19:02:22,509- SimpleUrlHandlerMapping: Mapped URL path [/webjars/**] onto handler of type [class org.springframework.web.servlet.resource.ResourceHttpRequestHandler]
28/Dec/2016 19:02:22,509- SimpleUrlHandlerMapping: Mapped URL path [/**] onto handler of type [class org.springframework.web.servlet.resource.ResourceHttpRequestHandler]
28/Dec/2016 19:02:22,558- SimpleUrlHandlerMapping: Mapped URL path [/**/favicon.ico] onto handler of type [class org.springframework.web.servlet.resource.ResourceHttpRequestHandler]
28/Dec/2016 19:02:22,797- AnnotationMBeanExporter: Registering beans for JMX exposure on startup
28/Dec/2016 19:02:22,820- Http11NioProtocol: Initializing ProtocolHandler ["http-nio-8080"]
28/Dec/2016 19:02:22,852- Http11NioProtocol: Starting ProtocolHandler [http-nio-8080]
28/Dec/2016 19:02:22,888- NioSelectorPool: Using a shared selector for servlet write/read
28/Dec/2016 19:02:22,915- TomcatEmbeddedServletContainer: Tomcat started on port(s): 8080 (http)
28/Dec/2016 19:02:22,921- App: Started App in 4.673 seconds (JVM running for 8.522)
28/Dec/2016 19:02:26,768- [/]: Initializing Spring FrameworkServlet 'dispatcherServlet'
28/Dec/2016 19:02:26,768- DispatcherServlet: FrameworkServlet 'dispatcherServlet': initialization started
28/Dec/2016 19:02:26,791- DispatcherServlet: FrameworkServlet 'dispatcherServlet': initialization completed in 22 ms
28/Dec/2016 19:03:12,594- AnnotationConfigEmbeddedWebApplicationContext: Closing org.springframework.boot.context.embedded.AnnotationConfigEmbeddedWebApplicationContext@72ea6193: startup date [Wed Dec 28 19:02:18 HKT 2016]; root of context hierarchy
28/Dec/2016 19:03:12,596- AnnotationMBeanExporter: Unregistering JMX-exposed beans on shutdown
28/Dec/2016 19:03:28,621- ClassPathXmlApplicationContext: Refreshing org.springframework.context.support.ClassPathXmlApplicationContext@367ffa75: startup date [Wed Dec 28 19:03:28 HKT 2016]; root of context hierarchy
28/Dec/2016 19:03:28,669- XmlBeanDefinitionReader: Loading XML bean definitions from class path resource [SpringBeanConfig.xml]
28/Dec/2016 19:03:28,760- XmlBeanDefinitionReader: Loading XML bean definitions from class path resource [FxRefresherConfig.xml]
28/Dec/2016 19:03:29,504- ThreadPoolTaskExecutor: Initializing ExecutorService  'taskExecutor'
28/Dec/2016 19:03:29,517- FxRateUpdaterThread: Running refresh
28/Dec/2016 19:03:29,944- App: Starting App on Dexters-Air with PID 2131 (/Users/dexter/TravelFxConvert/TravelFxConvertRestful/target/classes started by dexter in /Users/dexter/TravelFxConvert/TravelFxConvertRestful)
28/Dec/2016 19:03:29,945- App: No active profile set, falling back to default profiles: default
28/Dec/2016 19:03:30,062- AnnotationConfigEmbeddedWebApplicationContext: Refreshing org.springframework.boot.context.embedded.AnnotationConfigEmbeddedWebApplicationContext@758a34ce: startup date [Wed Dec 28 19:03:30 HKT 2016]; root of context hierarchy
28/Dec/2016 19:03:30,134- FxRateUpdaterThread: timestamp:Wed Dec 28 19:03:30 HKT 2016
BASECCY:USD
Quote:
USDAUD:1.390601
USDJPY:117.670998
USDGBP:0.81728
USDNZD:1.444598
USDTHB:35.980128
USDSGD:1.45086
USDTWD:32.242001
USDCAD:1.35701
USDCHF:1.02815
USDMYR:4.482501
USDHKD:7.757102
USDCNY:6.957099
USDEUR:0.957803
USDKRW:1208.73999
USDINR:68.160004

28/Dec/2016 19:03:30,176- Version: HV000001: Hibernate Validator 5.2.4.Final
28/Dec/2016 19:03:32,091- TomcatEmbeddedServletContainer: Tomcat initialized with port(s): 8080 (http)
28/Dec/2016 19:03:32,109- StandardService: Starting service Tomcat
28/Dec/2016 19:03:32,111- StandardEngine: Starting Servlet Engine: Apache Tomcat/8.5.4
28/Dec/2016 19:03:32,220- [/]: Initializing Spring embedded WebApplicationContext
28/Dec/2016 19:03:32,220- ContextLoader: Root WebApplicationContext: initialization completed in 2158 ms
28/Dec/2016 19:03:32,483- ServletRegistrationBean: Mapping servlet: 'dispatcherServlet' to [/]
28/Dec/2016 19:03:32,489- FilterRegistrationBean: Mapping filter: 'characterEncodingFilter' to: [/*]
28/Dec/2016 19:03:32,490- FilterRegistrationBean: Mapping filter: 'hiddenHttpMethodFilter' to: [/*]
28/Dec/2016 19:03:32,490- FilterRegistrationBean: Mapping filter: 'httpPutFormContentFilter' to: [/*]
28/Dec/2016 19:03:32,490- FilterRegistrationBean: Mapping filter: 'requestContextFilter' to: [/*]
28/Dec/2016 19:03:33,025- RequestMappingHandlerAdapter: Looking for @ControllerAdvice: org.springframework.boot.context.embedded.AnnotationConfigEmbeddedWebApplicationContext@758a34ce: startup date [Wed Dec 28 19:03:30 HKT 2016]; root of context hierarchy
28/Dec/2016 19:03:33,112- RequestMappingHandlerMapping: Mapped "{[/greeting2]}" onto public TravelFxConvert.TravelFxConvertRestful.hello.Greeting TravelFxConvert.TravelFxConvertRestful.FxRestfulController.greeting(java.lang.String)
28/Dec/2016 19:03:33,113- RequestMappingHandlerMapping: Mapped "{[/allfx]}" onto public java.util.Map<java.lang.String, java.lang.Double> TravelFxConvert.TravelFxConvertRestful.FxRestfulController.allFxRates(java.lang.String)
28/Dec/2016 19:03:33,114- RequestMappingHandlerMapping: Mapped "{[/quotefxpair],methods=[POST]}" onto public org.springframework.http.ResponseEntity<java.lang.Double> TravelFxConvert.TravelFxConvertRestful.FxRestfulController.quoteFxPair(TravelFxConvert.TravelFxConvertRestful.Model.FxQuotePair) throws TravelFxConvert.TravelFxConvertRestful.Model.FxQuoteException
28/Dec/2016 19:03:33,114- RequestMappingHandlerMapping: Mapped "{[/allccyset]}" onto public java.util.Set<java.lang.String> TravelFxConvert.TravelFxConvertRestful.FxRestfulController.getQuoteCcySet()
28/Dec/2016 19:03:33,115- RequestMappingHandlerMapping: Mapped "{[/],methods=[GET]}" onto public java.lang.String TravelFxConvert.TravelFxConvertRestful.JS.MainController.homepage()
28/Dec/2016 19:03:33,116- RequestMappingHandlerMapping: Mapped "{[/vue],methods=[GET]}" onto public java.lang.String TravelFxConvert.TravelFxConvertRestful.JS.MainController.homepageVue()
28/Dec/2016 19:03:33,116- RequestMappingHandlerMapping: Mapped "{[/vue2],methods=[GET]}" onto public java.lang.String TravelFxConvert.TravelFxConvertRestful.JS.MainController.homepageVue2()
28/Dec/2016 19:03:33,117- RequestMappingHandlerMapping: Mapped "{[/api/events],methods=[GET]}" onto public org.springframework.http.ResponseEntity<java.util.List<TravelFxConvert.TravelFxConvertRestful.WebService.Event>> TravelFxConvert.TravelFxConvertRestful.WebService.DemoWebService.getEvents()
28/Dec/2016 19:03:33,117- RequestMappingHandlerMapping: Mapped "{[/api/events],methods=[POST]}" onto public org.springframework.http.ResponseEntity<TravelFxConvert.TravelFxConvertRestful.WebService.Event> TravelFxConvert.TravelFxConvertRestful.WebService.DemoWebService.postEvent(TravelFxConvert.TravelFxConvertRestful.WebService.Event)
28/Dec/2016 19:03:33,117- RequestMappingHandlerMapping: Mapped "{[/api/events/{id}],methods=[DELETE]}" onto public org.springframework.http.ResponseEntity<TravelFxConvert.TravelFxConvertRestful.WebService.Event> TravelFxConvert.TravelFxConvertRestful.WebService.DemoWebService.deleteEvent(java.lang.String)
28/Dec/2016 19:03:33,121- RequestMappingHandlerMapping: Mapped "{[/error]}" onto public org.springframework.http.ResponseEntity<java.util.Map<java.lang.String, java.lang.Object>> org.springframework.boot.autoconfigure.web.BasicErrorController.error(javax.servlet.http.HttpServletRequest)
28/Dec/2016 19:03:33,122- RequestMappingHandlerMapping: Mapped "{[/error],produces=[text/html]}" onto public org.springframework.web.servlet.ModelAndView org.springframework.boot.autoconfigure.web.BasicErrorController.errorHtml(javax.servlet.http.HttpServletRequest,javax.servlet.http.HttpServletResponse)
28/Dec/2016 19:03:33,174- SimpleUrlHandlerMapping: Mapped URL path [/webjars/**] onto handler of type [class org.springframework.web.servlet.resource.ResourceHttpRequestHandler]
28/Dec/2016 19:03:33,174- SimpleUrlHandlerMapping: Mapped URL path [/**] onto handler of type [class org.springframework.web.servlet.resource.ResourceHttpRequestHandler]
28/Dec/2016 19:03:33,252- SimpleUrlHandlerMapping: Mapped URL path [/**/favicon.ico] onto handler of type [class org.springframework.web.servlet.resource.ResourceHttpRequestHandler]
28/Dec/2016 19:03:33,501- AnnotationMBeanExporter: Registering beans for JMX exposure on startup
28/Dec/2016 19:03:33,521- Http11NioProtocol: Initializing ProtocolHandler ["http-nio-8080"]
28/Dec/2016 19:03:33,537- Http11NioProtocol: Starting ProtocolHandler [http-nio-8080]
28/Dec/2016 19:03:33,565- NioSelectorPool: Using a shared selector for servlet write/read
28/Dec/2016 19:03:33,590- TomcatEmbeddedServletContainer: Tomcat started on port(s): 8080 (http)
28/Dec/2016 19:03:33,595- App: Started App in 4.03 seconds (JVM running for 6.516)
28/Dec/2016 19:03:34,956- [/]: Initializing Spring FrameworkServlet 'dispatcherServlet'
28/Dec/2016 19:03:34,956- DispatcherServlet: FrameworkServlet 'dispatcherServlet': initialization started
28/Dec/2016 19:03:34,984- DispatcherServlet: FrameworkServlet 'dispatcherServlet': initialization completed in 28 ms
28/Dec/2016 21:43:53,401- AnnotationConfigEmbeddedWebApplicationContext: Closing org.springframework.boot.context.embedded.AnnotationConfigEmbeddedWebApplicationContext@758a34ce: startup date [Wed Dec 28 19:03:30 HKT 2016]; root of context hierarchy
28/Dec/2016 21:44:30,270- ClassPathXmlApplicationContext: Refreshing org.springframework.context.support.ClassPathXmlApplicationContext@367ffa75: startup date [Wed Dec 28 21:44:30 HKT 2016]; root of context hierarchy
28/Dec/2016 21:44:30,358- XmlBeanDefinitionReader: Loading XML bean definitions from class path resource [SpringBeanConfig.xml]
28/Dec/2016 21:44:30,563- XmlBeanDefinitionReader: Loading XML bean definitions from class path resource [FxRefresherConfig.xml]
28/Dec/2016 21:44:32,226- ThreadPoolTaskExecutor: Initializing ExecutorService  'taskExecutor'
28/Dec/2016 21:44:32,245- FxRateUpdaterThread: Running refresh
28/Dec/2016 21:44:33,129- FxRateUpdaterThread: timestamp:Wed Dec 28 21:44:33 HKT 2016
BASECCY:USD
Quote:
USDAUD:1.393202
USDJPY:117.665001
USDGBP:0.81863
USDNZD:1.446499
USDTHB:36.019959
USDSGD:1.452781
USDTWD:32.347996
USDCAD:1.35778
USDCHF:1.029761
USDMYR:4.482502
USDHKD:7.756705
USDCNY:6.959802
USDEUR:0.961501
USDKRW:1211.099976
USDINR:68.220001

28/Dec/2016 21:44:33,300- App: Starting App on Dexters-Air with PID 2200 (/Users/dexter/TravelFxConvert/TravelFxConvertRestful/target/classes started by dexter in /Users/dexter/TravelFxConvert/TravelFxConvertRestful)
28/Dec/2016 21:44:33,300- App: No active profile set, falling back to default profiles: default
28/Dec/2016 21:44:33,430- AnnotationConfigEmbeddedWebApplicationContext: Refreshing org.springframework.boot.context.embedded.AnnotationConfigEmbeddedWebApplicationContext@758a34ce: startup date [Wed Dec 28 21:44:33 HKT 2016]; root of context hierarchy
28/Dec/2016 21:44:33,649- Version: HV000001: Hibernate Validator 5.2.4.Final
28/Dec/2016 21:44:36,822- TomcatEmbeddedServletContainer: Tomcat initialized with port(s): 8080 (http)
28/Dec/2016 21:44:36,841- StandardService: Starting service Tomcat
28/Dec/2016 21:44:36,842- StandardEngine: Starting Servlet Engine: Apache Tomcat/8.5.4
28/Dec/2016 21:44:36,978- [/]: Initializing Spring embedded WebApplicationContext
28/Dec/2016 21:44:36,979- ContextLoader: Root WebApplicationContext: initialization completed in 3550 ms
28/Dec/2016 21:44:37,225- ServletRegistrationBean: Mapping servlet: 'dispatcherServlet' to [/]
28/Dec/2016 21:44:37,234- FilterRegistrationBean: Mapping filter: 'characterEncodingFilter' to: [/*]
28/Dec/2016 21:44:37,235- FilterRegistrationBean: Mapping filter: 'hiddenHttpMethodFilter' to: [/*]
28/Dec/2016 21:44:37,235- FilterRegistrationBean: Mapping filter: 'httpPutFormContentFilter' to: [/*]
28/Dec/2016 21:44:37,236- FilterRegistrationBean: Mapping filter: 'requestContextFilter' to: [/*]
28/Dec/2016 21:44:37,748- RequestMappingHandlerAdapter: Looking for @ControllerAdvice: org.springframework.boot.context.embedded.AnnotationConfigEmbeddedWebApplicationContext@758a34ce: startup date [Wed Dec 28 21:44:33 HKT 2016]; root of context hierarchy
28/Dec/2016 21:44:37,966- RequestMappingHandlerMapping: Mapped "{[/greeting2]}" onto public TravelFxConvert.TravelFxConvertRestful.hello.Greeting TravelFxConvert.TravelFxConvertRestful.FxRestfulController.greeting(java.lang.String)
28/Dec/2016 21:44:37,967- RequestMappingHandlerMapping: Mapped "{[/allfx]}" onto public java.util.Map<java.lang.String, java.lang.Double> TravelFxConvert.TravelFxConvertRestful.FxRestfulController.allFxRates(java.lang.String)
28/Dec/2016 21:44:37,967- RequestMappingHandlerMapping: Mapped "{[/quotefxpair],methods=[POST]}" onto public org.springframework.http.ResponseEntity<java.lang.Double> TravelFxConvert.TravelFxConvertRestful.FxRestfulController.quoteFxPair(TravelFxConvert.TravelFxConvertRestful.Model.FxQuotePair) throws TravelFxConvert.TravelFxConvertRestful.Model.FxQuoteException
28/Dec/2016 21:44:37,968- RequestMappingHandlerMapping: Mapped "{[/allccyset]}" onto public java.util.Set<java.lang.String> TravelFxConvert.TravelFxConvertRestful.FxRestfulController.getQuoteCcySet()
28/Dec/2016 21:44:37,968- RequestMappingHandlerMapping: Mapped "{[/],methods=[GET]}" onto public java.lang.String TravelFxConvert.TravelFxConvertRestful.JS.MainController.homepage()
28/Dec/2016 21:44:37,969- RequestMappingHandlerMapping: Mapped "{[/vue],methods=[GET]}" onto public java.lang.String TravelFxConvert.TravelFxConvertRestful.JS.MainController.homepageVue()
28/Dec/2016 21:44:37,969- RequestMappingHandlerMapping: Mapped "{[/vue2],methods=[GET]}" onto public java.lang.String TravelFxConvert.TravelFxConvertRestful.JS.MainController.homepageVue2()
28/Dec/2016 21:44:37,971- RequestMappingHandlerMapping: Mapped "{[/api/events],methods=[GET]}" onto public org.springframework.http.ResponseEntity<java.util.List<TravelFxConvert.TravelFxConvertRestful.WebService.Event>> TravelFxConvert.TravelFxConvertRestful.WebService.DemoWebService.getEvents()
28/Dec/2016 21:44:37,971- RequestMappingHandlerMapping: Mapped "{[/api/events],methods=[POST]}" onto public org.springframework.http.ResponseEntity<TravelFxConvert.TravelFxConvertRestful.WebService.Event> TravelFxConvert.TravelFxConvertRestful.WebService.DemoWebService.postEvent(TravelFxConvert.TravelFxConvertRestful.WebService.Event)
28/Dec/2016 21:44:37,972- RequestMappingHandlerMapping: Mapped "{[/api/events/{id}],methods=[DELETE]}" onto public org.springframework.http.ResponseEntity<TravelFxConvert.TravelFxConvertRestful.WebService.Event> TravelFxConvert.TravelFxConvertRestful.WebService.DemoWebService.deleteEvent(java.lang.String)
28/Dec/2016 21:44:37,977- RequestMappingHandlerMapping: Mapped "{[/error]}" onto public org.springframework.http.ResponseEntity<java.util.Map<java.lang.String, java.lang.Object>> org.springframework.boot.autoconfigure.web.BasicErrorController.error(javax.servlet.http.HttpServletRequest)
28/Dec/2016 21:44:37,979- RequestMappingHandlerMapping: Mapped "{[/error],produces=[text/html]}" onto public org.springframework.web.servlet.ModelAndView org.springframework.boot.autoconfigure.web.BasicErrorController.errorHtml(javax.servlet.http.HttpServletRequest,javax.servlet.http.HttpServletResponse)
28/Dec/2016 21:44:38,022- SimpleUrlHandlerMapping: Mapped URL path [/webjars/**] onto handler of type [class org.springframework.web.servlet.resource.ResourceHttpRequestHandler]
28/Dec/2016 21:44:38,022- SimpleUrlHandlerMapping: Mapped URL path [/**] onto handler of type [class org.springframework.web.servlet.resource.ResourceHttpRequestHandler]
28/Dec/2016 21:44:38,074- SimpleUrlHandlerMapping: Mapped URL path [/**/favicon.ico] onto handler of type [class org.springframework.web.servlet.resource.ResourceHttpRequestHandler]
28/Dec/2016 21:44:38,261- AnnotationMBeanExporter: Registering beans for JMX exposure on startup
28/Dec/2016 21:44:38,291- Http11NioProtocol: Initializing ProtocolHandler ["http-nio-8080"]
28/Dec/2016 21:44:38,310- Http11NioProtocol: Starting ProtocolHandler [http-nio-8080]
28/Dec/2016 21:44:38,341- NioSelectorPool: Using a shared selector for servlet write/read
28/Dec/2016 21:44:38,369- TomcatEmbeddedServletContainer: Tomcat started on port(s): 8080 (http)
28/Dec/2016 21:44:38,375- App: Started App in 6.049 seconds (JVM running for 10.77)
28/Dec/2016 21:44:38,528- [/]: Initializing Spring FrameworkServlet 'dispatcherServlet'
28/Dec/2016 21:44:38,528- DispatcherServlet: FrameworkServlet 'dispatcherServlet': initialization started
28/Dec/2016 21:44:38,564- DispatcherServlet: FrameworkServlet 'dispatcherServlet': initialization completed in 36 ms
28/Dec/2016 21:44:46,778- FxRateUpdaterThread: Request Quote AUD/JPY
28/Dec/2016 21:44:59,199- AnnotationConfigEmbeddedWebApplicationContext: Closing org.springframework.boot.context.embedded.AnnotationConfigEmbeddedWebApplicationContext@758a34ce: startup date [Wed Dec 28 21:44:33 HKT 2016]; root of context hierarchy
28/Dec/2016 21:44:59,201- AnnotationMBeanExporter: Unregistering JMX-exposed beans on shutdown
28/Dec/2016 21:46:23,379- ClassPathXmlApplicationContext: Refreshing org.springframework.context.support.ClassPathXmlApplicationContext@367ffa75: startup date [Wed Dec 28 21:46:23 HKT 2016]; root of context hierarchy
28/Dec/2016 21:46:23,429- XmlBeanDefinitionReader: Loading XML bean definitions from class path resource [SpringBeanConfig.xml]
28/Dec/2016 21:46:23,551- XmlBeanDefinitionReader: Loading XML bean definitions from class path resource [FxRefresherConfig.xml]
28/Dec/2016 21:46:24,480- ThreadPoolTaskExecutor: Initializing ExecutorService  'taskExecutor'
28/Dec/2016 21:46:24,498- FxRateUpdaterThread: Running refresh
28/Dec/2016 21:46:25,148- App: Starting App on Dexters-Air with PID 2221 (/Users/dexter/TravelFxConvert/TravelFxConvertRestful/target/classes started by dexter in /Users/dexter/TravelFxConvert/TravelFxConvertRestful)
28/Dec/2016 21:46:25,149- App: No active profile set, falling back to default profiles: default
28/Dec/2016 21:46:25,222- FxRateUpdaterThread: timestamp:Wed Dec 28 21:46:25 HKT 2016
BASECCY:USD
Quote:
USDAUD:1.393202
USDJPY:117.665001
USDGBP:0.81863
USDNZD:1.446499
USDTHB:36.019959
USDSGD:1.452781
USDTWD:32.347996
USDCAD:1.35778
USDCHF:1.029761
USDMYR:4.482502
USDHKD:7.756705
USDCNY:6.959802
USDEUR:0.961501
USDKRW:1211.099976
USDINR:68.220001

28/Dec/2016 21:46:25,239- Version: HV000001: Hibernate Validator 5.2.4.Final
28/Dec/2016 21:46:25,244- AnnotationConfigEmbeddedWebApplicationContext: Refreshing org.springframework.boot.context.embedded.AnnotationConfigEmbeddedWebApplicationContext@758a34ce: startup date [Wed Dec 28 21:46:25 HKT 2016]; root of context hierarchy
28/Dec/2016 21:46:27,873- TomcatEmbeddedServletContainer: Tomcat initialized with port(s): 8080 (http)
28/Dec/2016 21:46:27,899- StandardService: Starting service Tomcat
28/Dec/2016 21:46:27,903- StandardEngine: Starting Servlet Engine: Apache Tomcat/8.5.4
28/Dec/2016 21:46:28,061- [/]: Initializing Spring embedded WebApplicationContext
28/Dec/2016 21:46:28,061- ContextLoader: Root WebApplicationContext: initialization completed in 2817 ms
28/Dec/2016 21:46:28,357- ServletRegistrationBean: Mapping servlet: 'dispatcherServlet' to [/]
28/Dec/2016 21:46:28,365- FilterRegistrationBean: Mapping filter: 'characterEncodingFilter' to: [/*]
28/Dec/2016 21:46:28,365- FilterRegistrationBean: Mapping filter: 'hiddenHttpMethodFilter' to: [/*]
28/Dec/2016 21:46:28,365- FilterRegistrationBean: Mapping filter: 'httpPutFormContentFilter' to: [/*]
28/Dec/2016 21:46:28,365- FilterRegistrationBean: Mapping filter: 'requestContextFilter' to: [/*]
28/Dec/2016 21:46:28,810- RequestMappingHandlerAdapter: Looking for @ControllerAdvice: org.springframework.boot.context.embedded.AnnotationConfigEmbeddedWebApplicationContext@758a34ce: startup date [Wed Dec 28 21:46:25 HKT 2016]; root of context hierarchy
28/Dec/2016 21:46:28,920- RequestMappingHandlerMapping: Mapped "{[/greeting2]}" onto public TravelFxConvert.TravelFxConvertRestful.hello.Greeting TravelFxConvert.TravelFxConvertRestful.FxRestfulController.greeting(java.lang.String)
28/Dec/2016 21:46:28,922- RequestMappingHandlerMapping: Mapped "{[/quotefxpair],methods=[POST]}" onto public org.springframework.http.ResponseEntity<java.lang.Double> TravelFxConvert.TravelFxConvertRestful.FxRestfulController.quoteFxPair(TravelFxConvert.TravelFxConvertRestful.Model.FxQuotePair) throws TravelFxConvert.TravelFxConvertRestful.Model.FxQuoteException
28/Dec/2016 21:46:28,922- RequestMappingHandlerMapping: Mapped "{[/allfx]}" onto public java.util.Map<java.lang.String, java.lang.Double> TravelFxConvert.TravelFxConvertRestful.FxRestfulController.allFxRates(java.lang.String)
28/Dec/2016 21:46:28,923- RequestMappingHandlerMapping: Mapped "{[/allccyset]}" onto public java.util.Set<java.lang.String> TravelFxConvert.TravelFxConvertRestful.FxRestfulController.getQuoteCcySet()
28/Dec/2016 21:46:28,924- RequestMappingHandlerMapping: Mapped "{[/],methods=[GET]}" onto public java.lang.String TravelFxConvert.TravelFxConvertRestful.JS.MainController.homepage()
28/Dec/2016 21:46:28,924- RequestMappingHandlerMapping: Mapped "{[/vue],methods=[GET]}" onto public java.lang.String TravelFxConvert.TravelFxConvertRestful.JS.MainController.homepageVue()
28/Dec/2016 21:46:28,925- RequestMappingHandlerMapping: Mapped "{[/vue2],methods=[GET]}" onto public java.lang.String TravelFxConvert.TravelFxConvertRestful.JS.MainController.homepageVue2()
28/Dec/2016 21:46:28,926- RequestMappingHandlerMapping: Mapped "{[/api/events],methods=[GET]}" onto public org.springframework.http.ResponseEntity<java.util.List<TravelFxConvert.TravelFxConvertRestful.WebService.Event>> TravelFxConvert.TravelFxConvertRestful.WebService.DemoWebService.getEvents()
28/Dec/2016 21:46:28,927- RequestMappingHandlerMapping: Mapped "{[/api/events],methods=[POST]}" onto public org.springframework.http.ResponseEntity<TravelFxConvert.TravelFxConvertRestful.WebService.Event> TravelFxConvert.TravelFxConvertRestful.WebService.DemoWebService.postEvent(TravelFxConvert.TravelFxConvertRestful.WebService.Event)
28/Dec/2016 21:46:28,927- RequestMappingHandlerMapping: Mapped "{[/api/events/{id}],methods=[DELETE]}" onto public org.springframework.http.ResponseEntity<TravelFxConvert.TravelFxConvertRestful.WebService.Event> TravelFxConvert.TravelFxConvertRestful.WebService.DemoWebService.deleteEvent(java.lang.String)
28/Dec/2016 21:46:28,932- RequestMappingHandlerMapping: Mapped "{[/error]}" onto public org.springframework.http.ResponseEntity<java.util.Map<java.lang.String, java.lang.Object>> org.springframework.boot.autoconfigure.web.BasicErrorController.error(javax.servlet.http.HttpServletRequest)
28/Dec/2016 21:46:28,932- RequestMappingHandlerMapping: Mapped "{[/error],produces=[text/html]}" onto public org.springframework.web.servlet.ModelAndView org.springframework.boot.autoconfigure.web.BasicErrorController.errorHtml(javax.servlet.http.HttpServletRequest,javax.servlet.http.HttpServletResponse)
28/Dec/2016 21:46:29,072- SimpleUrlHandlerMapping: Mapped URL path [/webjars/**] onto handler of type [class org.springframework.web.servlet.resource.ResourceHttpRequestHandler]
28/Dec/2016 21:46:29,072- SimpleUrlHandlerMapping: Mapped URL path [/**] onto handler of type [class org.springframework.web.servlet.resource.ResourceHttpRequestHandler]
28/Dec/2016 21:46:29,185- SimpleUrlHandlerMapping: Mapped URL path [/**/favicon.ico] onto handler of type [class org.springframework.web.servlet.resource.ResourceHttpRequestHandler]
28/Dec/2016 21:46:29,362- AnnotationMBeanExporter: Registering beans for JMX exposure on startup
28/Dec/2016 21:46:29,387- Http11NioProtocol: Initializing ProtocolHandler ["http-nio-8080"]
28/Dec/2016 21:46:29,405- Http11NioProtocol: Starting ProtocolHandler [http-nio-8080]
28/Dec/2016 21:46:29,436- NioSelectorPool: Using a shared selector for servlet write/read
28/Dec/2016 21:46:29,461- TomcatEmbeddedServletContainer: Tomcat started on port(s): 8080 (http)
28/Dec/2016 21:46:29,468- App: Started App in 4.854 seconds (JVM running for 8.056)
28/Dec/2016 21:46:30,350- [/]: Initializing Spring FrameworkServlet 'dispatcherServlet'
28/Dec/2016 21:46:30,350- DispatcherServlet: FrameworkServlet 'dispatcherServlet': initialization started
28/Dec/2016 21:46:30,392- DispatcherServlet: FrameworkServlet 'dispatcherServlet': initialization completed in 40 ms
28/Dec/2016 21:46:40,781- FxRateUpdaterThread: Request Quote JPY/HKD
28/Dec/2016 21:46:46,146- FxRateUpdaterThread: Request Quote GBP/HKD
28/Dec/2016 21:46:52,805- FxRateUpdaterThread: Request Quote AUD/HKD
28/Dec/2016 22:15:27,140- AnnotationConfigEmbeddedWebApplicationContext: Closing org.springframework.boot.context.embedded.AnnotationConfigEmbeddedWebApplicationContext@758a34ce: startup date [Wed Dec 28 21:46:25 HKT 2016]; root of context hierarchy
